<?xml version="1.0" encoding="UTF-8"?>
<testng-results ignored="0" total="1" passed="1" failed="0" skipped="0">
  <reporter-output>
  </reporter-output>
  <suite started-at="2022-10-29T15:06:14 IST" name="UniCredsSuite" finished-at="2022-10-29T15:06:41 IST" duration-ms="26599">
    <groups>
    </groups>
    <test started-at="2022-10-29T15:06:14 IST" name="UniCredsTest" finished-at="2022-10-29T15:06:41 IST" duration-ms="26599">
      <class name="com.qa.testLayer.UniCredsHomePageTest">
        <test-method signature="homePageTest()[pri:0, instance:com.qa.testLayer.UniCredsHomePageTest@71b1176b]" started-at="2022-10-29T15:06:14 IST" name="homePageTest" finished-at="2022-10-29T15:06:41 IST" duration-ms="26570" status="PASS">
          <reporter-output>
          </reporter-output>
        </test-method> <!-- homePageTest -->
      </class> <!-- com.qa.testLayer.UniCredsHomePageTest -->
    </test> <!-- UniCredsTest -->
  </suite> <!-- UniCredsSuite -->
</testng-results>
